TN:
SF:src/config/ChartConfig.js
FN:22,getTableColor
FN:33,formatUTCTime
FN:55,(anonymous_2)
FNF:3
FNH:3
FNDA:14,getTableColor
FNDA:9,formatUTCTime
FNDA:1,(anonymous_2)
DA:6,3
DA:24,14
DA:25,14
DA:26,1131
DA:28,14
DA:29,14
DA:34,9
DA:35,9
DA:36,9
DA:37,9
DA:38,9
DA:39,9
DA:40,9
DA:41,9
DA:45,3
DA:56,1
LF:16
LH:16
BRDA:22,0,0,12
BRF:1
BRH:1
end_of_record
TN:
SF:src/handlers/FileHandler.js
FN:11,(anonymous_0)
FN:23,(anonymous_1)
FN:31,(anonymous_2)
FN:35,(anonymous_3)
FN:40,(anonymous_4)
FN:44,(anonymous_5)
FN:51,(anonymous_6)
FN:60,(anonymous_7)
FN:64,(anonymous_8)
FN:73,(anonymous_9)
FN:101,(anonymous_10)
FN:113,(anonymous_11)
FN:114,(anonymous_12)
FN:115,(anonymous_13)
FN:116,(anonymous_14)
FN:120,(anonymous_15)
FN:164,(anonymous_16)
FN:165,(anonymous_17)
FN:167,(anonymous_18)
FN:176,(anonymous_19)
FN:194,(anonymous_20)
FN:204,(anonymous_21)
FN:214,(anonymous_22)
FN:224,(anonymous_23)
FN:248,(anonymous_24)
FNF:25
FNH:25
FNDA:21,(anonymous_0)
FNDA:16,(anonymous_1)
FNDA:16,(anonymous_2)
FNDA:3,(anonymous_3)
FNDA:2,(anonymous_4)
FNDA:1,(anonymous_5)
FNDA:2,(anonymous_6)
FNDA:16,(anonymous_7)
FNDA:1,(anonymous_8)
FNDA:17,(anonymous_9)
FNDA:22,(anonymous_10)
FNDA:16,(anonymous_11)
FNDA:14,(anonymous_12)
FNDA:32,(anonymous_13)
FNDA:62,(anonymous_14)
FNDA:62,(anonymous_15)
FNDA:22,(anonymous_16)
FNDA:22,(anonymous_17)
FNDA:21,(anonymous_18)
FNDA:50,(anonymous_19)
FNDA:18,(anonymous_20)
FNDA:18,(anonymous_21)
FNDA:17,(anonymous_22)
FNDA:10,(anonymous_23)
FNDA:1,(anonymous_24)
DA:12,21
DA:14,21
DA:15,21
DA:16,21
DA:17,21
DA:24,16
DA:25,16
DA:32,16
DA:33,16
DA:35,15
DA:36,3
DA:37,3
DA:40,15
DA:41,2
DA:44,15
DA:45,1
DA:46,1
DA:47,1
DA:48,1
DA:51,15
DA:52,2
DA:53,2
DA:61,16
DA:62,16
DA:64,16
DA:65,1
DA:66,1
DA:75,17
DA:78,17
DA:80,17
DA:89,17
DA:90,17
DA:91,20
DA:92,20
DA:94,20
DA:95,20
DA:98,20
DA:102,22
DA:103,22
DA:112,18
DA:113,16
DA:114,14
DA:115,32
DA:116,62
DA:118,17
DA:119,16
DA:120,62
DA:123,16
DA:132,17
DA:133,17
DA:134,17
DA:135,17
DA:136,17
DA:137,17
DA:140,3
DA:141,3
DA:146,17
DA:147,17
DA:148,17
DA:149,17
DA:150,17
DA:151,17
DA:154,17
DA:155,17
DA:158,17
DA:165,22
DA:166,22
DA:167,22
DA:168,22
DA:169,22
DA:177,50
DA:178,50
DA:179,50
DA:181,50
DA:182,48
DA:183,48
DA:186,50
DA:187,48
DA:195,18
DA:196,18
DA:197,18
DA:205,18
DA:206,18
DA:207,18
DA:215,17
DA:216,17
DA:217,17
DA:226,10
DA:227,10
DA:228,8
DA:229,8
DA:230,8
DA:231,8
DA:233,8
DA:234,8
DA:235,7
DA:239,10
DA:249,1
LF:98
LH:98
BRDA:11,0,0,12
BRDA:14,1,0,21
BRDA:14,1,1,21
BRDA:15,2,0,21
BRDA:15,2,1,12
BRDA:16,3,0,21
BRDA:16,3,1,12
BRDA:17,4,0,21
BRDA:17,4,1,21
BRDA:33,5,0,1
BRDA:33,5,1,15
BRDA:53,6,0,2
BRDA:53,6,1,0
BRDA:62,7,0,0
BRDA:62,7,1,16
BRDA:118,8,0,16
BRDA:118,8,1,1
BRDA:176,9,0,4
BRDA:181,10,0,48
BRDA:181,10,1,2
BRDA:186,11,0,48
BRDA:186,11,1,2
BRDA:187,12,0,48
BRDA:187,12,1,3
BRDA:196,13,0,18
BRDA:196,13,1,0
BRDA:206,14,0,18
BRDA:206,14,1,0
BRDA:216,15,0,17
BRDA:216,15,1,0
BRDA:227,16,0,8
BRDA:227,16,1,2
BRDA:234,17,0,7
BRDA:234,17,1,1
BRF:34
BRH:29
end_of_record
TN:
SF:src/parsers/LogParser.js
FN:24,normalizeTableName
FN:34,parseQueryEntry
FN:64,parseWalJobEntry
FN:93,parseWalCommitEntry
FN:123,parsePartitionClosingEntry
FN:148,parseSystemEvent
FN:210,parseQuestDBLog
FNF:7
FNH:7
FNDA:56,normalizeTableName
FNDA:5085,parseQueryEntry
FNDA:5074,parseWalJobEntry
FNDA:5064,parseWalCommitEntry
FNDA:5055,parsePartitionClosingEntry
FNDA:5038,parseSystemEvent
FNDA:18,parseQuestDBLog
DA:7,3
DA:25,56
DA:35,5085
DA:36,5085
DA:38,11
DA:40,11
DA:41,11
DA:42,11
DA:43,11
DA:45,11
DA:53,0
DA:54,0
DA:65,5074
DA:66,5074
DA:68,10
DA:70,10
DA:71,10
DA:82,0
DA:83,0
DA:94,5064
DA:95,5064
DA:97,9
DA:99,9
DA:100,9
DA:101,9
DA:103,9
DA:112,0
DA:113,0
DA:124,5055
DA:125,5055
DA:127,9
DA:129,9
DA:130,9
DA:137,0
DA:138,0
DA:149,5038
DA:150,5038
DA:152,36
DA:155,36
DA:156,9
DA:165,27
DA:166,27
DA:167,9
DA:177,18
DA:178,18
DA:179,8
DA:189,10
DA:190,10
DA:191,8
DA:200,2
DA:211,18
DA:212,18
DA:214,18
DA:223,18
DA:224,5085
DA:227,5085
DA:228,14
DA:232,5085
DA:233,5085
DA:234,11
DA:235,11
DA:238,5074
DA:239,5074
DA:240,10
DA:241,10
DA:244,5064
DA:245,5064
DA:246,9
DA:247,9
DA:250,5055
DA:251,5055
DA:252,9
DA:253,9
DA:257,5046
DA:258,5046
DA:259,8
DA:260,8
DA:267,8
DA:269,0
DA:274,5038
DA:275,5038
DA:276,34
DA:280,18
LF:83
LH:74
BRDA:36,0,0,5074
BRDA:36,0,1,11
BRDA:36,1,0,5085
BRDA:36,1,1,11
BRDA:43,2,0,9
BRDA:43,2,1,2
BRDA:66,3,0,5064
BRDA:66,3,1,10
BRDA:95,4,0,5055
BRDA:95,4,1,9
BRDA:125,5,0,5046
BRDA:125,5,1,9
BRDA:150,6,0,5002
BRDA:150,6,1,36
BRDA:155,7,0,9
BRDA:155,7,1,27
BRDA:166,8,0,9
BRDA:166,8,1,18
BRDA:178,9,0,8
BRDA:178,9,1,10
BRDA:190,10,0,8
BRDA:190,10,1,2
BRDA:227,11,0,14
BRDA:227,11,1,5071
BRDA:227,12,0,5085
BRDA:227,12,1,5073
BRDA:233,13,0,11
BRDA:233,13,1,5074
BRDA:239,14,0,10
BRDA:239,14,1,5064
BRDA:245,15,0,9
BRDA:245,15,1,5055
BRDA:251,16,0,9
BRDA:251,16,1,5046
BRDA:258,17,0,8
BRDA:258,17,1,5038
BRDA:275,18,0,34
BRDA:275,18,1,5004
BRF:38
BRH:38
end_of_record
TN:
SF:src/processors/DataProcessor.js
FN:10,groupBySecond
FN:13,(anonymous_1)
FN:24,(anonymous_2)
FN:27,(anonymous_3)
FN:28,(anonymous_4)
FN:30,(anonymous_5)
FN:39,groupByInterval
FN:42,(anonymous_7)
FN:53,(anonymous_8)
FN:56,(anonymous_9)
FN:57,(anonymous_10)
FN:59,(anonymous_11)
FN:68,getTopQueries
FN:71,(anonymous_13)
FN:88,(anonymous_14)
FN:92,(anonymous_15)
FN:100,(anonymous_16)
FN:110,calculatePercentile
FN:122,calculateStatistics
FN:138,(anonymous_19)
FN:140,(anonymous_20)
FN:144,(anonymous_21)
FN:145,(anonymous_22)
FN:167,groupByTable
FN:170,(anonymous_24)
FN:186,calculateTimeMetrics
FN:196,(anonymous_26)
FN:215,createHistogramBins
FN:237,(anonymous_28)
FN:256,filterByTimeRange
FN:257,(anonymous_30)
FN:268,aggregateWalMetrics
FN:271,(anonymous_32)
FN:291,(anonymous_33)
FN:292,(anonymous_34)
FNF:35
FNH:35
FNDA:1,groupBySecond
FNDA:3,(anonymous_1)
FNDA:2,(anonymous_2)
FNDA:3,(anonymous_3)
FNDA:3,(anonymous_4)
FNDA:1,(anonymous_5)
FNDA:1,groupByInterval
FNDA:3,(anonymous_7)
FNDA:2,(anonymous_8)
FNDA:3,(anonymous_9)
FNDA:3,(anonymous_10)
FNDA:1,(anonymous_11)
FNDA:2,getTopQueries
FNDA:104,(anonymous_13)
FNDA:4,(anonymous_14)
FNDA:100,(anonymous_15)
FNDA:4,(anonymous_16)
FNDA:22,calculatePercentile
FNDA:2,calculateStatistics
FNDA:9,(anonymous_19)
FNDA:10,(anonymous_20)
FNDA:10,(anonymous_21)
FNDA:10,(anonymous_22)
FNDA:1,groupByTable
FNDA:4,(anonymous_24)
FNDA:18,calculateTimeMetrics
FNDA:65,(anonymous_26)
FNDA:2,createHistogramBins
FNDA:10,(anonymous_28)
FNDA:1,filterByTimeRange
FNDA:3,(anonymous_30)
FNDA:1,aggregateWalMetrics
FNDA:3,(anonymous_32)
FNDA:2,(anonymous_33)
FNDA:3,(anonymous_34)
DA:11,1
DA:13,1
DA:14,3
DA:15,3
DA:16,3
DA:18,3
DA:19,2
DA:21,3
DA:24,2
DA:27,3
DA:28,3
DA:30,1
DA:40,1
DA:42,1
DA:43,3
DA:45,3
DA:47,3
DA:48,2
DA:50,3
DA:53,2
DA:56,3
DA:57,3
DA:59,1
DA:69,2
DA:71,2
DA:72,104
DA:73,104
DA:74,4
DA:82,104
DA:83,104
DA:84,104
DA:88,2
DA:89,4
DA:90,4
DA:91,4
DA:92,100
DA:93,4
DA:94,4
DA:95,4
DA:99,2
DA:100,4
DA:111,22
DA:113,21
DA:114,21
DA:123,2
DA:124,1
DA:138,9
DA:139,1
DA:140,10
DA:141,1
DA:144,10
DA:145,10
DA:146,1
DA:148,1
DA:168,1
DA:170,1
DA:171,4
DA:172,4
DA:173,3
DA:175,4
DA:178,1
DA:187,18
DA:188,1
DA:196,65
DA:197,17
DA:198,17
DA:199,17
DA:201,17
DA:216,2
DA:218,1
DA:219,1
DA:220,1
DA:222,1
DA:223,1
DA:224,5
DA:225,5
DA:227,5
DA:237,1
DA:238,10
DA:242,10
DA:243,10
DA:246,1
DA:257,1
DA:258,3
DA:259,3
DA:269,1
DA:271,1
DA:272,3
DA:274,3
DA:275,2
DA:284,3
DA:285,3
DA:286,3
DA:287,3
DA:291,1
DA:292,3
DA:293,2
DA:294,2
DA:297,1
LF:99
LH:99
BRDA:18,0,0,2
BRDA:18,0,1,1
BRDA:39,1,0,0
BRDA:47,2,0,2
BRDA:47,2,1,1
BRDA:68,3,0,0
BRDA:73,4,0,4
BRDA:73,4,1,100
BRDA:111,5,0,1
BRDA:111,5,1,21
BRDA:123,6,0,1
BRDA:123,6,1,1
BRDA:123,7,0,2
BRDA:123,7,1,2
BRDA:171,8,0,4
BRDA:171,8,1,1
BRDA:172,9,0,3
BRDA:172,9,1,1
BRDA:187,10,0,1
BRDA:187,10,1,17
BRDA:187,11,0,18
BRDA:187,11,1,18
BRDA:215,12,0,0
BRDA:216,13,0,1
BRDA:216,13,1,1
BRDA:216,14,0,2
BRDA:216,14,1,2
BRDA:259,15,0,3
BRDA:259,15,1,2
BRDA:274,16,0,2
BRDA:274,16,1,1
BRF:31
BRH:28
end_of_record
TN:
SF:src/store/DataStore.js
FN:6,(anonymous_0)
FN:11,(anonymous_1)
FN:26,(anonymous_2)
FN:34,(anonymous_3)
FN:42,(anonymous_4)
FN:50,(anonymous_5)
FN:58,(anonymous_6)
FN:66,(anonymous_7)
FN:74,(anonymous_8)
FN:87,(anonymous_9)
FN:97,(anonymous_10)
FN:104,(anonymous_11)
FN:105,(anonymous_12)
FN:116,(anonymous_13)
FN:124,(anonymous_14)
FN:139,(anonymous_15)
FN:143,(anonymous_16)
FN:147,(anonymous_17)
FN:151,(anonymous_18)
FN:161,(anonymous_19)
FN:168,(anonymous_20)
FN:169,(anonymous_21)
FN:170,(anonymous_22)
FN:171,(anonymous_23)
FN:180,(anonymous_24)
FN:190,(anonymous_25)
FN:202,(anonymous_26)
FN:205,(anonymous_27)
FNF:28
FNH:27
FNDA:3,(anonymous_0)
FNDA:48,(anonymous_1)
FNDA:14,(anonymous_2)
FNDA:16,(anonymous_3)
FNDA:7,(anonymous_4)
FNDA:14,(anonymous_5)
FNDA:13,(anonymous_6)
FNDA:8,(anonymous_7)
FNDA:17,(anonymous_8)
FNDA:10,(anonymous_9)
FNDA:3,(anonymous_10)
FNDA:15,(anonymous_11)
FNDA:6,(anonymous_12)
FNDA:3,(anonymous_13)
FNDA:3,(anonymous_14)
FNDA:1,(anonymous_15)
FNDA:3,(anonymous_16)
FNDA:2,(anonymous_17)
FNDA:1,(anonymous_18)
FNDA:2,(anonymous_19)
FNDA:2,(anonymous_20)
FNDA:0,(anonymous_21)
FNDA:2,(anonymous_22)
FNDA:1,(anonymous_23)
FNDA:11,(anonymous_24)
FNDA:3,(anonymous_25)
FNDA:101,(anonymous_26)
FNDA:14,(anonymous_27)
DA:7,3
DA:8,3
DA:12,48
DA:13,48
DA:14,48
DA:15,48
DA:16,48
DA:17,48
DA:18,48
DA:19,48
DA:20,48
DA:27,14
DA:28,14
DA:35,16
DA:36,16
DA:43,7
DA:44,7
DA:51,14
DA:52,14
DA:59,13
DA:60,13
DA:67,8
DA:68,8
DA:75,17
DA:81,17
DA:88,10
DA:89,1
DA:91,10
DA:98,3
DA:105,15
DA:106,6
DA:107,5
DA:110,15
DA:117,3
DA:118,3
DA:125,3
DA:140,1
DA:143,1
DA:144,3
DA:147,1
DA:148,2
DA:151,1
DA:152,1
DA:155,1
DA:162,2
DA:163,1
DA:166,1
DA:168,2
DA:169,0
DA:170,2
DA:171,1
DA:181,11
DA:182,6
DA:184,11
DA:191,3
DA:193,2
DA:194,2
DA:195,2
DA:203,101
DA:205,9
DA:206,14
LF:61
LH:60
BRDA:88,0,0,1
BRDA:88,0,1,9
BRDA:106,1,0,5
BRDA:106,1,1,1
BRDA:106,2,0,6
BRDA:106,2,1,6
BRDA:144,3,0,3
BRDA:144,3,1,0
BRDA:148,4,0,2
BRDA:148,4,1,0
BRDA:152,5,0,1
BRDA:152,5,1,0
BRDA:162,6,0,1
BRDA:162,6,1,1
BRDA:181,7,0,6
BRDA:181,7,1,5
BRDA:191,8,0,1
BRDA:191,8,1,2
BRDA:194,9,0,2
BRDA:194,9,1,0
BRDA:203,10,0,92
BRDA:203,10,1,9
BRF:22
BRH:18
end_of_record
TN:
SF:src/utils/FileUtils.js
FN:9,calculateProgress
FN:17,isValidLogFile
FN:21,(anonymous_2)
FN:33,createErrorMessage
FN:40,createFileMetadata
FN:55,formatBytes
FNF:6
FNH:6
FNDA:6,calculateProgress
FNDA:10,isValidLogFile
FNDA:16,(anonymous_2)
FNDA:1,createErrorMessage
FNDA:2,createFileMetadata
FNDA:6,formatBytes
DA:10,6
DA:11,5
DA:18,10
DA:19,10
DA:21,10
DA:22,16
DA:25,10
DA:27,10
DA:34,1
DA:41,2
DA:56,6
DA:58,5
DA:59,5
DA:60,5
DA:62,5
DA:64,5
LF:16
LH:16
BRDA:10,0,0,1
BRDA:10,0,1,5
BRDA:25,1,0,10
BRDA:25,1,1,4
BRDA:27,2,0,10
BRDA:27,2,1,4
BRDA:40,3,0,1
BRDA:40,4,0,1
BRDA:55,5,0,4
BRDA:56,6,0,1
BRDA:56,6,1,5
BRDA:59,7,0,0
BRDA:59,7,1,5
BRF:13
BRH:12
end_of_record
TN:
SF:src/visualization/ChartManager.js
FN:31,createTimelineChart
FN:37,(anonymous_1)
FN:40,(anonymous_2)
FN:57,(anonymous_3)
FN:84,(anonymous_4)
FN:107,(anonymous_5)
FN:110,(anonymous_6)
FN:125,createFrequencyChart
FN:131,(anonymous_8)
FN:134,(anonymous_9)
FN:151,(anonymous_10)
FN:178,(anonymous_11)
FN:206,createHistogramChart
FN:210,(anonymous_13)
FN:212,(anonymous_14)
FN:225,(anonymous_15)
FN:269,createBoxPlot
FN:270,(anonymous_17)
FN:271,(anonymous_18)
FN:281,(anonymous_19)
FN:305,groupByInterval
FN:308,(anonymous_21)
FN:327,(anonymous_22)
FN:334,(anonymous_23)
FN:338,createHeatmaps
FN:343,(anonymous_25)
FN:346,(anonymous_26)
FN:350,(anonymous_27)
FN:351,(anonymous_28)
FN:359,(anonymous_29)
FN:366,(anonymous_30)
FN:367,(anonymous_31)
FN:369,(anonymous_32)
FN:370,(anonymous_33)
FN:372,(anonymous_34)
FN:373,(anonymous_35)
FN:437,(anonymous_36)
FN:465,(anonymous_37)
FN:515,(anonymous_38)
FN:543,(anonymous_39)
FN:593,(anonymous_40)
FN:621,(anonymous_41)
FN:649,(anonymous_42)
FN:673,(anonymous_43)
FN:701,(anonymous_44)
FN:716,createSlowestChart
FN:721,(anonymous_46)
FN:727,(anonymous_47)
FN:730,(anonymous_48)
FN:743,(anonymous_49)
FN:784,destroyAllCharts
FN:788,getChart
FN:797,(anonymous_52)
FNF:53
FNH:41
FNDA:13,createTimelineChart
FNDA:31,(anonymous_1)
FNDA:31,(anonymous_2)
FNDA:0,(anonymous_3)
FNDA:0,(anonymous_4)
FNDA:0,(anonymous_5)
FNDA:0,(anonymous_6)
FNDA:3,createFrequencyChart
FNDA:12,(anonymous_8)
FNDA:12,(anonymous_9)
FNDA:0,(anonymous_10)
FNDA:0,(anonymous_11)
FNDA:2,createHistogramChart
FNDA:197,(anonymous_13)
FNDA:1051,(anonymous_14)
FNDA:197,(anonymous_15)
FNDA:4,createBoxPlot
FNDA:160,(anonymous_17)
FNDA:758,(anonymous_18)
FNDA:160,(anonymous_19)
FNDA:3,groupByInterval
FNDA:120,(anonymous_21)
FNDA:120,(anonymous_22)
FNDA:117,(anonymous_23)
FNDA:3,createHeatmaps
FNDA:3,(anonymous_25)
FNDA:120,(anonymous_26)
FNDA:120,(anonymous_27)
FNDA:120,(anonymous_28)
FNDA:3,(anonymous_29)
FNDA:210,(anonymous_30)
FNDA:210,(anonymous_31)
FNDA:0,(anonymous_32)
FNDA:0,(anonymous_33)
FNDA:0,(anonymous_34)
FNDA:0,(anonymous_35)
FNDA:3,(anonymous_36)
FNDA:3,(anonymous_37)
FNDA:3,(anonymous_38)
FNDA:3,(anonymous_39)
FNDA:3,(anonymous_40)
FNDA:3,(anonymous_41)
FNDA:0,(anonymous_42)
FNDA:3,(anonymous_43)
FNDA:3,(anonymous_44)
FNDA:3,createSlowestChart
FNDA:20,(anonymous_46)
FNDA:16,(anonymous_47)
FNDA:16,(anonymous_48)
FNDA:0,(anonymous_49)
FNDA:1,destroyAllCharts
FNDA:1,getChart
FNDA:7,(anonymous_52)
DA:32,13
DA:34,12
DA:37,31
DA:40,31
DA:58,0
DA:85,0
DA:86,0
DA:87,0
DA:88,0
DA:89,0
DA:108,0
DA:111,0
DA:112,0
DA:120,10
DA:121,10
DA:126,3
DA:128,3
DA:131,12
DA:134,12
DA:152,0
DA:179,0
DA:180,0
DA:181,0
DA:182,0
DA:183,0
DA:201,3
DA:202,3
DA:207,2
DA:210,197
DA:212,1051
DA:214,2
DA:215,2
DA:216,2
DA:217,2
DA:218,2
DA:219,2
DA:221,2
DA:222,100
DA:225,2
DA:226,197
DA:227,197
DA:228,197
DA:232,2
DA:264,2
DA:265,2
DA:270,160
DA:271,758
DA:274,4
DA:275,4
DA:276,4
DA:277,4
DA:280,4
DA:281,160
DA:283,4
DA:293,4
DA:301,4
DA:306,3
DA:308,3
DA:309,120
DA:310,120
DA:311,120
DA:313,120
DA:314,120
DA:322,120
DA:323,120
DA:324,120
DA:327,120
DA:334,117
DA:340,3
DA:343,3
DA:346,120
DA:349,3
DA:350,120
DA:351,120
DA:354,3
DA:355,3
DA:356,3
DA:357,3
DA:359,3
DA:360,3
DA:361,3
DA:362,3
DA:363,3
DA:364,3
DA:366,3
DA:367,210
DA:368,210
DA:369,0
DA:370,0
DA:372,0
DA:373,0
DA:376,0
DA:377,0
DA:379,0
DA:381,210
DA:382,210
DA:383,210
DA:384,210
DA:388,3
DA:389,3
DA:390,3
DA:391,3
DA:395,3
DA:419,3
DA:437,3
DA:451,3
DA:465,3
DA:467,3
DA:469,3
DA:473,3
DA:497,3
DA:515,3
DA:529,3
DA:543,3
DA:545,3
DA:547,3
DA:551,3
DA:575,3
DA:593,3
DA:607,3
DA:621,3
DA:623,3
DA:625,3
DA:629,3
DA:650,0
DA:655,3
DA:673,3
DA:687,3
DA:701,3
DA:703,3
DA:705,3
DA:709,3
DA:712,3
DA:717,3
DA:720,3
DA:721,20
DA:724,3
DA:727,16
DA:730,16
DA:744,0
DA:745,0
DA:761,3
DA:762,3
DA:785,1
DA:789,1
DA:802,7
DA:803,7
DA:804,7
DA:805,7
DA:806,7
DA:807,7
DA:808,7
DA:809,7
DA:810,7
DA:811,7
DA:812,7
DA:813,7
DA:814,7
DA:815,7
DA:816,7
DA:817,7
DA:818,7
DA:819,7
DA:820,7
DA:821,7
DA:822,7
DA:823,7
LF:167
LH:142
BRDA:226,0,0,197
BRDA:226,0,1,0
BRDA:305,1,0,0
BRDA:313,2,0,120
BRDA:313,2,1,0
BRDA:368,3,0,0
BRDA:368,3,1,210
BRDA:373,4,0,0
BRDA:373,4,1,0
BRDA:650,5,0,0
BRDA:650,5,1,0
BRF:11
BRH:3
end_of_record
TN:
SF:src/visualization/ChartManagerExtensions.js
FN:11,createP99WithPartitionClosings
FN:20,(anonymous_1)
FN:32,(anonymous_2)
FN:40,(anonymous_3)
FN:44,(anonymous_4)
FN:49,(anonymous_5)
FN:74,(anonymous_6)
FN:75,(anonymous_7)
FN:89,(anonymous_8)
FN:90,(anonymous_9)
FN:125,(anonymous_10)
FN:153,(anonymous_11)
FN:160,createMaxWithPartitionClosings
FN:169,(anonymous_13)
FN:181,(anonymous_14)
FN:189,(anonymous_15)
FN:193,(anonymous_16)
FN:198,(anonymous_17)
FN:223,(anonymous_18)
FN:224,(anonymous_19)
FN:238,(anonymous_20)
FN:239,(anonymous_21)
FN:308,(anonymous_22)
FN:317,createErrorCharts
FN:321,(anonymous_24)
FN:346,createConnectionErrorChart
FN:350,(anonymous_26)
FN:351,(anonymous_27)
FN:353,(anonymous_28)
FN:378,(anonymous_29)
FN:420,createErrorTypeChart
FN:425,(anonymous_31)
FN:432,(anonymous_32)
FN:441,(anonymous_33)
FN:454,(anonymous_34)
FN:455,(anonymous_35)
FN:470,createErrorTable
FN:477,(anonymous_37)
FN:481,(anonymous_38)
FN:500,(anonymous_39)
FN:509,(anonymous_40)
FN:532,(anonymous_41)
FN:554,showErrorDetails
FN:562,(anonymous_43)
FN:569,createWalCharts
FN:588,populateWalTableFilter
FN:594,(anonymous_46)
FN:604,(anonymous_47)
FN:612,(anonymous_48)
FN:616,filterWalByTable
FN:625,(anonymous_50)
FN:626,(anonymous_51)
FN:639,createWalAmplificationChart
FN:649,(anonymous_53)
FN:652,(anonymous_54)
FN:656,(anonymous_55)
FN:666,(anonymous_56)
FN:671,(anonymous_57)
FN:729,(anonymous_58)
FN:732,(anonymous_59)
FN:751,createWalAmplificationLogChart
FN:761,(anonymous_61)
FN:764,(anonymous_62)
FN:768,(anonymous_63)
FN:778,(anonymous_64)
FN:783,(anonymous_65)
FN:834,(anonymous_66)
FN:850,(anonymous_67)
FN:853,(anonymous_68)
FN:872,createWalRateChart
FN:882,(anonymous_70)
FN:885,(anonymous_71)
FN:889,(anonymous_72)
FN:899,(anonymous_73)
FN:904,(anonymous_74)
FN:962,(anonymous_75)
FN:965,(anonymous_76)
FN:984,createWalCommitChart
FN:994,(anonymous_78)
FN:997,(anonymous_79)
FN:1001,(anonymous_80)
FN:1011,(anonymous_81)
FN:1016,(anonymous_82)
FN:1074,(anonymous_83)
FN:1077,(anonymous_84)
FN:1095,createWalTableChart
FN:1106,(anonymous_86)
FN:1127,(anonymous_87)
FN:1128,(anonymous_88)
FN:1136,(anonymous_89)
FN:1137,(anonymous_90)
FN:1138,(anonymous_91)
FN:1140,(anonymous_92)
FN:1141,(anonymous_93)
FN:1182,createWalTableMetrics
FN:1185,(anonymous_95)
FN:1205,(anonymous_96)
FN:1206,(anonymous_97)
FN:1207,(anonymous_98)
FN:1223,updateWalMetricsTable
FN:1228,(anonymous_100)
FN:1231,(anonymous_101)
FN:1243,createPartitionClosingChart
FN:1265,(anonymous_103)
FN:1269,(anonymous_104)
FN:1279,(anonymous_105)
FN:1284,(anonymous_106)
FN:1342,(anonymous_107)
FN:1347,(anonymous_108)
FN:1373,updatePartitionClosingStats
FN:1383,(anonymous_110)
FN:1384,(anonymous_111)
FN:1388,(anonymous_112)
FN:1401,(anonymous_113)
FN:1406,(anonymous_114)
FN:1435,(anonymous_115)
FNF:116
FNH:95
FNDA:5,createP99WithPartitionClosings
FNDA:7,(anonymous_1)
FNDA:14,(anonymous_2)
FNDA:2,(anonymous_3)
FNDA:9,(anonymous_4)
FNDA:9,(anonymous_5)
FNDA:9,(anonymous_6)
FNDA:18,(anonymous_7)
FNDA:9,(anonymous_8)
FNDA:18,(anonymous_9)
FNDA:9,(anonymous_10)
FNDA:5,(anonymous_11)
FNDA:4,createMaxWithPartitionClosings
FNDA:3,(anonymous_13)
FNDA:3,(anonymous_14)
FNDA:2,(anonymous_15)
FNDA:5,(anonymous_16)
FNDA:5,(anonymous_17)
FNDA:7,(anonymous_18)
FNDA:10,(anonymous_19)
FNDA:7,(anonymous_20)
FNDA:10,(anonymous_21)
FNDA:4,(anonymous_22)
FNDA:1,createErrorCharts
FNDA:3,(anonymous_24)
FNDA:6,createConnectionErrorChart
FNDA:4,(anonymous_26)
FNDA:2,(anonymous_27)
FNDA:4,(anonymous_28)
FNDA:0,(anonymous_29)
FNDA:4,createErrorTypeChart
FNDA:7,(anonymous_31)
FNDA:5,(anonymous_32)
FNDA:5,(anonymous_33)
FNDA:0,(anonymous_34)
FNDA:0,(anonymous_35)
FNDA:4,createErrorTable
FNDA:155,(anonymous_37)
FNDA:156,(anonymous_38)
FNDA:152,(anonymous_39)
FNDA:105,(anonymous_40)
FNDA:0,(anonymous_41)
FNDA:0,showErrorDetails
FNDA:0,(anonymous_43)
FNDA:2,createWalCharts
FNDA:1,populateWalTableFilter
FNDA:3,(anonymous_46)
FNDA:2,(anonymous_47)
FNDA:0,(anonymous_48)
FNDA:0,filterWalByTable
FNDA:0,(anonymous_50)
FNDA:0,(anonymous_51)
FNDA:7,createWalAmplificationChart
FNDA:20,(anonymous_53)
FNDA:16,(anonymous_54)
FNDA:11,(anonymous_55)
FNDA:11,(anonymous_56)
FNDA:11,(anonymous_57)
FNDA:0,(anonymous_58)
FNDA:0,(anonymous_59)
FNDA:3,createWalAmplificationLogChart
FNDA:12,(anonymous_61)
FNDA:9,(anonymous_62)
FNDA:6,(anonymous_63)
FNDA:6,(anonymous_64)
FNDA:6,(anonymous_65)
FNDA:0,(anonymous_66)
FNDA:0,(anonymous_67)
FNDA:0,(anonymous_68)
FNDA:2,createWalRateChart
FNDA:8,(anonymous_70)
FNDA:6,(anonymous_71)
FNDA:4,(anonymous_72)
FNDA:4,(anonymous_73)
FNDA:4,(anonymous_74)
FNDA:0,(anonymous_75)
FNDA:0,(anonymous_76)
FNDA:3,createWalCommitChart
FNDA:14,(anonymous_78)
FNDA:10,(anonymous_79)
FNDA:4,(anonymous_80)
FNDA:3,(anonymous_81)
FNDA:4,(anonymous_82)
FNDA:0,(anonymous_83)
FNDA:0,(anonymous_84)
FNDA:4,createWalTableChart
FNDA:24,(anonymous_86)
FNDA:21,(anonymous_87)
FNDA:21,(anonymous_88)
FNDA:21,(anonymous_89)
FNDA:17,(anonymous_90)
FNDA:21,(anonymous_91)
FNDA:21,(anonymous_92)
FNDA:21,(anonymous_93)
FNDA:2,createWalTableMetrics
FNDA:6,(anonymous_95)
FNDA:4,(anonymous_96)
FNDA:4,(anonymous_97)
FNDA:4,(anonymous_98)
FNDA:2,updateWalMetricsTable
FNDA:2,(anonymous_100)
FNDA:4,(anonymous_101)
FNDA:7,createPartitionClosingChart
FNDA:4,(anonymous_103)
FNDA:8,(anonymous_104)
FNDA:8,(anonymous_105)
FNDA:8,(anonymous_106)
FNDA:0,(anonymous_107)
FNDA:0,(anonymous_108)
FNDA:4,updatePartitionClosingStats
FNDA:8,(anonymous_110)
FNDA:8,(anonymous_111)
FNDA:8,(anonymous_112)
FNDA:8,(anonymous_113)
FNDA:4,(anonymous_114)
FNDA:8,(anonymous_115)
DA:13,5
DA:16,5
DA:18,5
DA:20,4
DA:21,7
DA:24,7
DA:25,7
DA:26,4
DA:29,7
DA:32,7
DA:33,14
DA:36,7
DA:40,2
DA:44,9
DA:45,5
DA:48,5
DA:49,9
DA:52,5
DA:53,5
DA:54,5
DA:57,5
DA:75,9
DA:76,18
DA:78,9
DA:79,9
DA:82,9
DA:83,9
DA:90,9
DA:91,18
DA:93,9
DA:96,9
DA:107,5
DA:125,9
DA:139,5
DA:153,5
DA:154,5
DA:155,5
DA:162,4
DA:165,4
DA:167,4
DA:169,2
DA:170,3
DA:173,3
DA:174,3
DA:175,2
DA:178,3
DA:181,3
DA:182,3
DA:185,3
DA:189,2
DA:193,5
DA:194,4
DA:197,4
DA:198,5
DA:201,4
DA:202,4
DA:203,4
DA:206,4
DA:224,7
DA:225,10
DA:227,5
DA:228,5
DA:231,5
DA:232,5
DA:239,7
DA:240,10
DA:242,5
DA:245,5
DA:256,4
DA:295,4
DA:308,4
DA:310,4
DA:312,4
DA:318,1
DA:319,1
DA:321,1
DA:322,3
DA:323,3
DA:325,3
DA:327,3
DA:328,3
DA:330,3
DA:332,3
DA:333,2
DA:334,2
DA:336,2
DA:340,1
DA:341,1
DA:342,1
DA:347,6
DA:349,5
DA:350,4
DA:351,2
DA:353,5
DA:355,5
DA:379,0
DA:415,4
DA:416,4
DA:421,4
DA:424,3
DA:425,3
DA:426,7
DA:427,7
DA:430,3
DA:431,3
DA:432,5
DA:434,3
DA:441,5
DA:455,0
DA:456,0
DA:457,0
DA:465,3
DA:466,3
DA:471,4
DA:472,4
DA:475,3
DA:477,3
DA:479,155
DA:481,155
DA:482,156
DA:483,156
DA:484,155
DA:492,156
DA:493,156
DA:496,155
DA:500,152
DA:503,3
DA:506,3
DA:509,3
DA:510,105
DA:513,105
DA:514,105
DA:516,105
DA:532,105
DA:533,0
DA:536,105
DA:540,3
DA:541,1
DA:542,1
DA:549,1
DA:555,0
DA:562,0
DA:565,0
DA:570,2
DA:571,2
DA:573,2
DA:576,1
DA:579,1
DA:580,1
DA:581,1
DA:582,1
DA:583,1
DA:584,1
DA:589,1
DA:590,1
DA:593,1
DA:594,1
DA:595,3
DA:596,3
DA:601,1
DA:604,1
DA:605,2
DA:606,2
DA:607,2
DA:608,2
DA:612,1
DA:617,0
DA:618,0
DA:619,0
DA:622,0
DA:623,0
DA:624,0
DA:625,0
DA:626,0
DA:630,0
DA:631,0
DA:632,0
DA:633,0
DA:634,0
DA:635,0
DA:640,7
DA:641,7
DA:644,6
DA:645,2
DA:649,20
DA:652,16
DA:655,6
DA:656,6
DA:657,11
DA:658,11
DA:660,11
DA:664,6
DA:665,6
DA:666,6
DA:667,11
DA:669,11
DA:671,11
DA:682,11
DA:685,6
DA:730,0
DA:733,0
DA:734,0
DA:746,6
DA:747,6
DA:752,3
DA:753,3
DA:756,3
DA:757,2
DA:761,12
DA:764,9
DA:767,3
DA:768,3
DA:769,6
DA:770,6
DA:772,6
DA:776,3
DA:777,3
DA:778,3
DA:779,6
DA:781,6
DA:783,6
DA:794,6
DA:797,3
DA:835,0
DA:836,0
DA:838,0
DA:851,0
DA:854,0
DA:855,0
DA:867,3
DA:868,3
DA:873,2
DA:874,2
DA:877,2
DA:878,1
DA:882,8
DA:885,6
DA:888,2
DA:889,2
DA:890,4
DA:891,4
DA:893,4
DA:897,2
DA:898,2
DA:899,2
DA:900,4
DA:902,4
DA:904,4
DA:915,4
DA:918,2
DA:963,0
DA:966,0
DA:967,0
DA:979,2
DA:980,2
DA:985,3
DA:986,3
DA:989,3
DA:990,2
DA:994,14
DA:997,10
DA:1000,3
DA:1001,3
DA:1002,4
DA:1003,3
DA:1005,4
DA:1009,3
DA:1010,3
DA:1011,3
DA:1012,3
DA:1014,3
DA:1016,4
DA:1027,3
DA:1030,3
DA:1075,0
DA:1078,0
DA:1079,0
DA:1090,3
DA:1091,3
DA:1096,4
DA:1097,4
DA:1100,4
DA:1101,3
DA:1105,4
DA:1106,4
DA:1107,24
DA:1109,21
DA:1110,21
DA:1117,21
DA:1118,21
DA:1119,21
DA:1120,21
DA:1124,4
DA:1125,4
DA:1127,4
DA:1128,21
DA:1130,21
DA:1131,21
DA:1135,4
DA:1136,21
DA:1137,17
DA:1138,21
DA:1140,21
DA:1141,21
DA:1144,4
DA:1177,4
DA:1178,4
DA:1184,2
DA:1185,2
DA:1186,6
DA:1188,4
DA:1189,4
DA:1196,4
DA:1197,4
DA:1198,4
DA:1199,4
DA:1203,2
DA:1205,2
DA:1206,4
DA:1207,4
DA:1209,4
DA:1219,2
DA:1224,2
DA:1225,2
DA:1228,2
DA:1231,4
DA:1244,7
DA:1245,7
DA:1248,5
DA:1250,5
DA:1252,1
DA:1253,1
DA:1254,1
DA:1256,1
DA:1260,4
DA:1261,4
DA:1265,4
DA:1268,4
DA:1269,4
DA:1270,8
DA:1271,8
DA:1273,8
DA:1277,4
DA:1278,4
DA:1279,4
DA:1280,8
DA:1282,8
DA:1284,8
DA:1296,8
DA:1299,4
DA:1343,0
DA:1344,0
DA:1345,0
DA:1348,0
DA:1349,0
DA:1366,4
DA:1369,4
DA:1374,4
DA:1375,4
DA:1376,0
DA:1380,4
DA:1381,4
DA:1382,4
DA:1383,8
DA:1384,8
DA:1388,4
DA:1389,8
DA:1390,8
DA:1395,8
DA:1396,8
DA:1400,4
DA:1401,8
DA:1406,4
DA:1409,4
DA:1435,8
LF:375
LH:332
BRDA:18,0,0,4
BRDA:18,0,1,1
BRDA:18,1,0,5
BRDA:18,1,1,5
BRDA:25,2,0,4
BRDA:25,2,1,3
BRDA:33,3,0,14
BRDA:33,3,1,7
BRDA:44,4,0,9
BRDA:44,4,1,9
BRDA:48,5,0,3
BRDA:48,5,1,2
BRDA:76,6,0,9
BRDA:76,6,1,9
BRDA:83,7,0,9
BRDA:83,7,1,0
BRDA:91,8,0,9
BRDA:91,8,1,9
BRDA:93,9,0,4
BRDA:93,9,1,5
BRDA:96,10,0,9
BRDA:96,10,1,0
BRDA:167,11,0,2
BRDA:167,11,1,2
BRDA:167,12,0,4
BRDA:167,12,1,4
BRDA:174,13,0,2
BRDA:174,13,1,1
BRDA:182,14,0,3
BRDA:182,14,1,2
BRDA:193,15,0,5
BRDA:193,15,1,5
BRDA:197,16,0,1
BRDA:197,16,1,3
BRDA:225,17,0,5
BRDA:225,17,1,5
BRDA:232,18,0,5
BRDA:232,18,1,0
BRDA:240,19,0,5
BRDA:240,19,1,5
BRDA:242,20,0,1
BRDA:242,20,1,4
BRDA:327,21,0,3
BRDA:327,21,1,0
BRDA:332,22,0,2
BRDA:332,22,1,1
BRDA:332,23,0,3
BRDA:332,23,1,3
BRDA:333,24,0,2
BRDA:333,24,1,0
BRDA:353,25,0,4
BRDA:353,25,1,0
BRDA:426,26,0,7
BRDA:426,26,1,1
BRDA:427,27,0,7
BRDA:427,27,1,5
BRDA:472,28,0,1
BRDA:472,28,1,3
BRDA:482,29,0,156
BRDA:482,29,1,0
BRDA:482,30,0,156
BRDA:482,30,1,0
BRDA:483,31,0,155
BRDA:483,31,1,1
BRDA:486,32,0,155
BRDA:486,32,1,0
BRDA:487,33,0,155
BRDA:487,33,1,0
BRDA:540,34,0,1
BRDA:540,34,1,2
BRDA:573,35,0,1
BRDA:573,35,1,1
BRDA:573,36,0,2
BRDA:573,36,1,2
BRDA:590,37,0,0
BRDA:590,37,1,1
BRDA:595,38,0,3
BRDA:595,38,1,0
BRDA:624,39,0,0
BRDA:624,39,1,0
BRDA:641,40,0,1
BRDA:641,40,1,6
BRDA:644,41,0,2
BRDA:644,41,1,4
BRDA:657,42,0,11
BRDA:657,42,1,0
BRDA:753,43,0,0
BRDA:753,43,1,3
BRDA:756,44,0,2
BRDA:756,44,1,1
BRDA:769,45,0,6
BRDA:769,45,1,0
BRDA:835,46,0,0
BRDA:835,46,1,0
BRDA:835,47,0,0
BRDA:835,47,1,0
BRDA:835,47,2,0
BRDA:835,47,3,0
BRDA:835,47,4,0
BRDA:835,47,5,0
BRDA:874,48,0,0
BRDA:874,48,1,2
BRDA:877,49,0,1
BRDA:877,49,1,1
BRDA:890,50,0,4
BRDA:890,50,1,0
BRDA:986,51,0,0
BRDA:986,51,1,3
BRDA:989,52,0,2
BRDA:989,52,1,1
BRDA:1002,53,0,3
BRDA:1002,53,1,1
BRDA:1097,54,0,0
BRDA:1097,54,1,4
BRDA:1100,55,0,3
BRDA:1100,55,1,1
BRDA:1107,56,0,3
BRDA:1107,56,1,21
BRDA:1109,57,0,21
BRDA:1109,57,1,0
BRDA:1186,58,0,2
BRDA:1186,58,1,4
BRDA:1188,59,0,4
BRDA:1188,59,1,0
BRDA:1225,60,0,0
BRDA:1225,60,1,2
BRDA:1245,61,0,2
BRDA:1245,61,1,5
BRDA:1250,62,0,1
BRDA:1250,62,1,4
BRDA:1250,63,0,5
BRDA:1250,63,1,5
BRDA:1253,64,0,1
BRDA:1253,64,1,0
BRDA:1260,65,0,4
BRDA:1260,65,1,0
BRDA:1270,66,0,8
BRDA:1270,66,1,0
BRDA:1352,67,0,0
BRDA:1352,67,1,0
BRDA:1375,68,0,0
BRDA:1375,68,1,4
BRDA:1375,69,0,4
BRDA:1375,69,1,4
BRDA:1375,69,2,4
BRDA:1389,70,0,8
BRDA:1389,70,1,0
BRF:147
BRH:108
end_of_record
